<?xml version="1.0" encoding="UTF-8"?>
<testsuite xmlns:xsi="http://www.w3.org/2001/XMLSchema-instance" xsi:noNamespaceSchemaLocation="https://maven.apache.org/surefire/maven-surefire-plugin/xsd/surefire-test-report-3.0.xsd" version="3.0" name="com.udacity.catpoint.service.SecurityServiceTest" time="0.968" tests="18" errors="0" skipped="0" failures="0">
  <properties>
[...]
</properties>
  <testcase name="From_Disarmed_to_NoAlarm" classname="com.udacity.catpoint.service.SecurityServiceTest" time="0.74"/>
  <testcase name="Sensor_inactive_ToActive" classname="com.udacity.catpoint.service.SecurityServiceTest" time="0.016"/>
  <testcase name="Deactivation_sensor_from_pending_to_noAlarm" classname="com.udacity.catpoint.service.SecurityServiceTest" time="0.065"/>
  <testcase name="Changing_sensor_deactivation(ArmingStatus)[1]" classname="com.udacity.catpoint.service.SecurityServiceTest" time="0.023"/>
  <testcase name="Changing_sensor_deactivation(ArmingStatus)[2]" classname="com.udacity.catpoint.service.SecurityServiceTest" time="0.003"/>
  <testcase name="Add_and_remove_sensor" classname="com.udacity.catpoint.service.SecurityServiceTest" time="0.003"/>
  <testcase name="Sensor_Activation_from_Pending_to_Alarm" classname="com.udacity.catpoint.service.SecurityServiceTest" time="0.003"/>
  <testcase name="Sensor_Panding_Armed_isActive(ArmingStatus)[1]" classname="com.udacity.catpoint.service.SecurityServiceTest" time="0.002"/>
  <testcase name="Sensor_Panding_Armed_isActive(ArmingStatus)[2]" classname="com.udacity.catpoint.service.SecurityServiceTest" time="0.003"/>
  <testcase name="Sensor_Panding_Armed_isActive(ArmingStatus)[3]" classname="com.udacity.catpoint.service.SecurityServiceTest" time="0.002"/>
  <testcase name="Cat_founding_AlarmStatus" classname="com.udacity.catpoint.service.SecurityServiceTest" time="0.003"/>
  <testcase name="Cat_Notfound_NoAlarmStatus" classname="com.udacity.catpoint.service.SecurityServiceTest" time="0.004"/>
  <testcase name="If_Armed_rest_To_Inactive" classname="com.udacity.catpoint.service.SecurityServiceTest" time="0.004"/>
  <testcase name="If_ArmedHome_Found_Cat_set_Alarm" classname="com.udacity.catpoint.service.SecurityServiceTest" time="0.004"/>
  <testcase name="Sensor_Inactive_NoChange_ToAlarm(AlarmStatus)[1]" classname="com.udacity.catpoint.service.SecurityServiceTest" time="0.002"/>
  <testcase name="Sensor_Inactive_NoChange_ToAlarm(AlarmStatus)[2]" classname="com.udacity.catpoint.service.SecurityServiceTest" time="0.002"/>
  <testcase name="Sensor_Inactive_NoChange_ToAlarm(AlarmStatus)[3]" classname="com.udacity.catpoint.service.SecurityServiceTest" time="0.002"/>
  <testcase name="Change_Sensor_from_pending_to_Alarm" classname="com.udacity.catpoint.service.SecurityServiceTest" time="0.002"/>
</testsuite>